# JRE version: Java(TM) SE Runtime Environment (8.0_101-b13) (build 1.8.0_101-b13)
# Java VM: Java HotSpot(TM) 64-Bit Server VM (25.101-b13 mixed mode windows-amd64 compressed oops)
Heap:
 PSYoungGen      total 568320K, used 43422K [0x00000000d5f00000, 0x0000000100000000, 0x0000000100000000)
  eden space 492544K, 2% used [0x00000000d5f00000,0x00000000d6ca0660,0x00000000f4000000)
  from space 75776K, 38% used [0x00000000fb600000,0x00000000fd2c74b0,0x0000000100000000)
  to   space 98304K, 0% used [0x00000000f4000000,0x00000000f4000000,0x00000000fa000000)
 ParOldGen       total 446464K, used 276102K [0x0000000081c00000, 0x000000009d000000, 0x00000000d5f00000)
  object space 446464K, 61% used [0x0000000081c00000,0x00000000929a1ae8,0x000000009d000000)
 Metaspace       used 45012K, capacity 45368K, committed 45696K, reserved 1089536K
  class space    used 6303K, capacity 6415K, committed 6528K, reserved 1048576K
GC Heap History (10 events):
Event: 34.172 GC heap before
{Heap before GC invocations=31 (full 4):
 PSYoungGen      total 551936K, used 551917K [0x00000000d5f00000, 0x00000000fd680000, 0x0000000100000000)
  eden space 498688K, 100% used [0x00000000d5f00000,0x00000000f4600000,0x00000000f4600000)
  from space 53248K, 99% used [0x00000000f8700000,0x00000000fbafb748,0x00000000fbb00000)
  to   space 66560K, 0% used [0x00000000f4600000,0x00000000f4600000,0x00000000f8700000)
 ParOldGen       total 276480K, used 178335K [0x0000000081c00000, 0x0000000092a00000, 0x00000000d5f00000)
  object space 276480K, 64% used [0x0000000081c00000,0x000000008ca27c18,0x0000000092a00000)
 Metaspace       used 44949K, capacity 45368K, committed 45696K, reserved 1089536K
  class space    used 6303K, capacity 6415K, committed 6528K, reserved 1048576K
Event: 34.214 GC heap after
Heap after GC invocations=31 (full 4):
 PSYoungGen      total 565248K, used 41002K [0x00000000d5f00000, 0x0000000100000000, 0x0000000100000000)
  eden space 498688K, 0% used [0x00000000d5f00000,0x00000000d5f00000,0x00000000f4600000)
  from space 66560K, 61% used [0x00000000f4600000,0x00000000f6e0abe8,0x00000000f8700000)
  to   space 68096K, 0% used [0x00000000fbd80000,0x00000000fbd80000,0x0000000100000000)
 ParOldGen       total 276480K, used 220871K [0x0000000081c00000, 0x0000000092a00000, 0x00000000d5f00000)
  object space 276480K, 79% used [0x0000000081c00000,0x000000008f3b1c18,0x0000000092a00000)
 Metaspace       used 44949K, capacity 45368K, committed 45696K, reserved 1089536K
  class space    used 6303K, capacity 6415K, committed 6528K, reserved 1048576K
}
Event: 36.027 GC heap before
{Heap before GC invocations=32 (full 4):
 PSYoungGen      total 565248K, used 539690K [0x00000000d5f00000, 0x0000000100000000, 0x0000000100000000)
  eden space 498688K, 100% used [0x00000000d5f00000,0x00000000f4600000,0x00000000f4600000)
  from space 66560K, 61% used [0x00000000f4600000,0x00000000f6e0abe8,0x00000000f8700000)
  to   space 68096K, 0% used [0x00000000fbd80000,0x00000000fbd80000,0x0000000100000000)
 ParOldGen       total 276480K, used 220871K [0x0000000081c00000, 0x0000000092a00000, 0x00000000d5f00000)
  object space 276480K, 79% used [0x0000000081c00000,0x000000008f3b1c18,0x0000000092a00000)
 Metaspace       used 44982K, capacity 45368K, committed 45696K, reserved 1089536K
  class space    used 6303K, capacity 6415K, committed 6528K, reserved 1048576K
Event: 36.070 GC heap after
Heap after GC invocations=32 (full 4):
 PSYoungGen      total 605696K, used 60772K [0x00000000d5f00000, 0x0000000100000000, 0x0000000100000000)
  eden space 537600K, 0% used [0x00000000d5f00000,0x00000000d5f00000,0x00000000f6c00000)
  from space 68096K, 89% used [0x00000000fbd80000,0x00000000ff8d9130,0x0000000100000000)
  to   space 75776K, 0% used [0x00000000f6c00000,0x00000000f6c00000,0x00000000fb600000)
 ParOldGen       total 276480K, used 220871K [0x0000000081c00000, 0x0000000092a00000, 0x00000000d5f00000)
  object space 276480K, 79% used [0x0000000081c00000,0x000000008f3b1c18,0x0000000092a00000)
 Metaspace       used 44982K, capacity 45368K, committed 45696K, reserved 1089536K
  class space    used 6303K, capacity 6415K, committed 6528K, reserved 1048576K
}
Event: 38.422 GC heap before
{Heap before GC invocations=33 (full 4):
 PSYoungGen      total 605696K, used 598372K [0x00000000d5f00000, 0x0000000100000000, 0x0000000100000000)
  eden space 537600K, 100% used [0x00000000d5f00000,0x00000000f6c00000,0x00000000f6c00000)
  from space 68096K, 89% used [0x00000000fbd80000,0x00000000ff8d9130,0x0000000100000000)
  to   space 75776K, 0% used [0x00000000f6c00000,0x00000000f6c00000,0x00000000fb600000)
 ParOldGen       total 276480K, used 220871K [0x0000000081c00000, 0x0000000092a00000, 0x00000000d5f00000)
  object space 276480K, 79% used [0x0000000081c00000,0x000000008f3b1c18,0x0000000092a00000)
 Metaspace       used 44985K, capacity 45368K, committed 45696K, reserved 1089536K
  class space    used 6303K, capacity 6415K, committed 6528K, reserved 1048576K
Event: 38.473 GC heap after
Heap after GC invocations=33 (full 4):
 PSYoungGen      total 613376K, used 75766K [0x00000000d5f00000, 0x0000000100000000, 0x0000000100000000)
  eden space 537600K, 0% used [0x00000000d5f00000,0x00000000d5f00000,0x00000000f6c00000)
  from space 75776K, 99% used [0x00000000f6c00000,0x00000000fb5fd9b0,0x00000000fb600000)
  to   space 75776K, 0% used [0x00000000fb600000,0x00000000fb600000,0x0000000100000000)
 ParOldGen       total 276480K, used 228561K [0x0000000081c00000, 0x0000000092a00000, 0x00000000d5f00000)
  object space 276480K, 82% used [0x0000000081c00000,0x000000008fb34438,0x0000000092a00000)
 Metaspace       used 44985K, capacity 45368K, committed 45696K, reserved 1089536K
  class space    used 6303K, capacity 6415K, committed 6528K, reserved 1048576K
}
Event: 40.691 GC heap before
{Heap before GC invocations=34 (full 4):
 PSYoungGen      total 613376K, used 613366K [0x00000000d5f00000, 0x0000000100000000, 0x0000000100000000)
  eden space 537600K, 100% used [0x00000000d5f00000,0x00000000f6c00000,0x00000000f6c00000)
  from space 75776K, 99% used [0x00000000f6c00000,0x00000000fb5fd9b0,0x00000000fb600000)
  to   space 75776K, 0% used [0x00000000fb600000,0x00000000fb600000,0x0000000100000000)
 ParOldGen       total 276480K, used 228561K [0x0000000081c00000, 0x0000000092a00000, 0x00000000d5f00000)
  object space 276480K, 82% used [0x0000000081c00000,0x000000008fb34438,0x0000000092a00000)
 Metaspace       used 45012K, capacity 45368K, committed 45696K, reserved 1089536K
  class space    used 6303K, capacity 6415K, committed 6528K, reserved 1048576K
Event: 40.744 GC heap after
Heap after GC invocations=34 (full 4):
 PSYoungGen      total 568320K, used 72018K [0x00000000d5f00000, 0x0000000100000000, 0x0000000100000000)
  eden space 492544K, 0% used [0x00000000d5f00000,0x00000000d5f00000,0x00000000f4000000)
  from space 75776K, 95% used [0x00000000fb600000,0x00000000ffc54aa0,0x0000000100000000)
  to   space 98304K, 0% used [0x00000000f4000000,0x00000000f4000000,0x00000000fa000000)
 ParOldGen       total 276480K, used 263329K [0x0000000081c00000, 0x0000000092a00000, 0x00000000d5f00000)
  object space 276480K, 95% used [0x0000000081c00000,0x0000000091d28438,0x0000000092a00000)
 Metaspace       used 45012K, capacity 45368K, committed 45696K, reserved 1089536K
  class space    used 6303K, capacity 6415K, committed 6528K, reserved 1048576K
}
Event: 40.744 GC heap before
{Heap before GC invocations=35 (full 5):
 PSYoungGen      total 568320K, used 72018K [0x00000000d5f00000, 0x0000000100000000, 0x0000000100000000)
  eden space 492544K, 0% used [0x00000000d5f00000,0x00000000d5f00000,0x00000000f4000000)
  from space 75776K, 95% used [0x00000000fb600000,0x00000000ffc54aa0,0x0000000100000000)
  to   space 98304K, 0% used [0x00000000f4000000,0x00000000f4000000,0x00000000fa000000)
 ParOldGen       total 276480K, used 263329K [0x0000000081c00000, 0x0000000092a00000, 0x00000000d5f00000)
  object space 276480K, 95% used [0x0000000081c00000,0x0000000091d28438,0x0000000092a00000)
 Metaspace       used 45012K, capacity 45368K, committed 45696K, reserved 1089536K
  class space    used 6303K, capacity 6415K, committed 6528K, reserved 1048576K
Event: 40.965 GC heap after
Heap after GC invocations=35 (full 5):
 PSYoungGen      total 568320K, used 29469K [0x00000000d5f00000, 0x0000000100000000, 0x0000000100000000)
  eden space 492544K, 0% used [0x00000000d5f00000,0x00000000d5f00000,0x00000000f4000000)
  from space 75776K, 38% used [0x00000000fb600000,0x00000000fd2c74b0,0x0000000100000000)
  to   space 98304K, 0% used [0x00000000f4000000,0x00000000f4000000,0x00000000fa000000)
 ParOldGen       total 446464K, used 276102K [0x0000000081c00000, 0x000000009d000000, 0x00000000d5f00000)
  object space 446464K, 61% used [0x0000000081c00000,0x00000000929a1ae8,0x000000009d000000)
 Metaspace       used 45012K, capacity 45368K, committed 45696K, reserved 1089536K
  class space    used 6303K, capacity 6415K, committed 6528K, reserved 1048576K
}

